<?xml version="1.0" encoding="UTF-8"?>
<!-- Generated by org.testng.reporters.JUnitReportReporter -->
<testsuite hostname="DESKTOP-8BJLTDD" failures="0" tests="1" name="paramAPI.Form2" time="5.187" errors="0" timestamp="2022-08-24T20:40:44 IST" skipped="0">
  <testcase classname="paramAPI.Form2" name="form2parameters" time="5.187"/>
  <system-out/>
</testsuite> <!-- paramAPI.Form2 -->
