<?xml version="1.0" encoding="UTF-8"?>
<!-- Generated by org.testng.reporters.JUnitReportReporter -->
<testsuite hostname="DESKTOP-8BJLTDD" failures="0" tests="1" name="apitestcase1.Tc_01" time="17.326" errors="0" timestamp="2022-08-23T22:07:44 IST" skipped="0">
  <testcase classname="apitestcase1.Tc_01" name="getreq" time="17.326"/>
  <system-out/>
</testsuite> <!-- apitestcase1.Tc_01 -->
