<?xml version="1.0" encoding="UTF-8"?>
<!-- Generated by org.testng.reporters.JUnitReportReporter -->
<testsuite hostname="DESKTOP-8BJLTDD" failures="0" tests="1" name="apitestcase1.Capturedata" time="8.805" errors="0" timestamp="2022-09-03T22:00:56 IST" skipped="0">
  <testcase classname="apitestcase1.Capturedata" name="capturedata" time="8.805"/>
  <system-out/>
</testsuite> <!-- apitestcase1.Capturedata -->
