<?xml version="1.0" encoding="UTF-8"?>
<!-- Generated by org.testng.reporters.JUnitReportReporter -->
<testsuite hostname="DESKTOP-8BJLTDD" failures="0" tests="1" name="paramAPI.Querypara" time="6.030" errors="0" timestamp="2022-08-24T19:30:42 IST" skipped="0">
  <testcase classname="paramAPI.Querypara" name="apiparameters" time="6.030"/>
  <system-out/>
</testsuite> <!-- paramAPI.Querypara -->
