<?xml version="1.0" encoding="UTF-8"?>
<!-- Generated by org.testng.reporters.JUnitReportReporter -->
<testsuite hostname="DESKTOP-8BJLTDD" failures="0" tests="1" name="paramAPI.ParaAPI" time="5.568" errors="0" timestamp="2022-08-24T20:29:12 IST" skipped="0">
  <testcase classname="paramAPI.ParaAPI" name="apiparameters" time="5.568"/>
  <system-out/>
</testsuite> <!-- paramAPI.ParaAPI -->
